
  .   ____          _            __ _ _
 /\\ / ___'_ __ _ _(_)_ __  __ _ \ \ \ \
( ( )\___ | '_ | '_| | '_ \/ _` | \ \ \ \
 \\/  ___)| |_)| | | | | || (_| |  ) ) ) )
  '  |____| .__|_| |_|_| |_\__, | / / / /
 =========|_|==============|___/=/_/_/_/

 :: Spring Boot ::               (v3.5.14)

2026-05-06T10:56:24.402+01:00  INFO 41306 --- [backend-allal-article] [           main] c.a.b.BackendAllalArticleApplication     : Starting BackendAllalArticleApplication using Java 21.0.8 with PID 41306 (/private/tmp/allal-backend-run/classes started by mw in /Users/mw/Downloads/allal-article/backend-allal-article)
2026-05-06T10:56:24.403+01:00  INFO 41306 --- [backend-allal-article] [           main] c.a.b.BackendAllalArticleApplication     : No active profile set, falling back to 1 default profile: "default"
2026-05-06T10:56:25.163+01:00  INFO 41306 --- [backend-allal-article] [           main] .s.d.r.c.RepositoryConfigurationDelegate : Bootstrapping Spring Data JPA repositories in DEFAULT mode.
2026-05-06T10:56:25.248+01:00  INFO 41306 --- [backend-allal-article] [           main] .s.d.r.c.RepositoryConfigurationDelegate : Finished Spring Data repository scanning in 78 ms. Found 44 JPA repository interfaces.
2026-05-06T10:56:25.814+01:00  INFO 41306 --- [backend-allal-article] [           main] o.s.b.w.embedded.tomcat.TomcatWebServer  : Tomcat initialized with port 8080 (http)
2026-05-06T10:56:25.823+01:00  INFO 41306 --- [backend-allal-article] [           main] o.apache.catalina.core.StandardService   : Starting service [Tomcat]
2026-05-06T10:56:25.823+01:00  INFO 41306 --- [backend-allal-article] [           main] o.apache.catalina.core.StandardEngine    : Starting Servlet engine: [Apache Tomcat/10.1.54]
2026-05-06T10:56:25.859+01:00  INFO 41306 --- [backend-allal-article] [           main] o.a.c.c.C.[Tomcat].[localhost].[/]       : Initializing Spring embedded WebApplicationContext
2026-05-06T10:56:25.859+01:00  INFO 41306 --- [backend-allal-article] [           main] w.s.c.ServletWebServerApplicationContext : Root WebApplicationContext: initialization completed in 1433 ms
2026-05-06T10:56:26.215+01:00  INFO 41306 --- [backend-allal-article] [           main] com.zaxxer.hikari.HikariDataSource       : HikariPool-1 - Starting...
2026-05-06T10:56:26.370+01:00  INFO 41306 --- [backend-allal-article] [           main] com.zaxxer.hikari.pool.HikariPool        : HikariPool-1 - Added connection org.postgresql.jdbc.PgConnection@362be0cd
2026-05-06T10:56:26.371+01:00  INFO 41306 --- [backend-allal-article] [           main] com.zaxxer.hikari.HikariDataSource       : HikariPool-1 - Start completed.
2026-05-06T10:56:26.390+01:00  INFO 41306 --- [backend-allal-article] [           main] org.flywaydb.core.FlywayExecutor         : Database: jdbc:postgresql://localhost:5432/allal_article (PostgreSQL 16.13)
2026-05-06T10:56:26.435+01:00  INFO 41306 --- [backend-allal-article] [           main] o.f.core.internal.command.DbValidate     : Successfully validated 9 migrations (execution time 00:00.025s)
2026-05-06T10:56:26.490+01:00  INFO 41306 --- [backend-allal-article] [           main] o.f.core.internal.command.DbMigrate      : Current version of schema "platform": 8
2026-05-06T10:56:26.492+01:00  INFO 41306 --- [backend-allal-article] [           main] o.f.core.internal.command.DbMigrate      : Schema "platform" is up to date. No migration necessary.
2026-05-06T10:56:26.574+01:00  INFO 41306 --- [backend-allal-article] [           main] o.hibernate.jpa.internal.util.LogHelper  : HHH000204: Processing PersistenceUnitInfo [name: default]
2026-05-06T10:56:26.601+01:00  INFO 41306 --- [backend-allal-article] [           main] org.hibernate.Version                    : HHH000412: Hibernate ORM core version 6.6.49.Final
2026-05-06T10:56:26.619+01:00  INFO 41306 --- [backend-allal-article] [           main] o.h.c.internal.RegionFactoryInitiator    : HHH000026: Second-level cache disabled
2026-05-06T10:56:26.776+01:00  INFO 41306 --- [backend-allal-article] [           main] o.s.o.j.p.SpringPersistenceUnitInfo      : No LoadTimeWeaver setup: ignoring JPA class transformer
2026-05-06T10:56:26.824+01:00  INFO 41306 --- [backend-allal-article] [           main] org.hibernate.orm.connections.pooling    : HHH10001005: Database info:
	Database JDBC URL [undefined/unknown]
	Database driver: undefined/unknown
	Database version: 16.13
	Autocommit mode: undefined/unknown
	Isolation level: undefined/unknown
	Minimum pool size: undefined/unknown
	Maximum pool size: undefined/unknown
2026-05-06T10:56:27.953+01:00  INFO 41306 --- [backend-allal-article] [           main] o.h.e.t.j.p.i.JtaPlatformInitiator       : HHH000489: No JTA platform available (set 'hibernate.transaction.jta.platform' to enable JTA platform integration)
2026-05-06T10:56:27.956+01:00  INFO 41306 --- [backend-allal-article] [           main] j.LocalContainerEntityManagerFactoryBean : Initialized JPA EntityManagerFactory for persistence unit 'default'
2026-05-06T10:56:28.140+01:00  INFO 41306 --- [backend-allal-article] [           main] o.s.d.j.r.query.QueryEnhancerFactory     : Hibernate is in classpath; If applicable, HQL parser will be used.
2026-05-06T10:56:30.370+01:00  INFO 41306 --- [backend-allal-article] [           main] r$InitializeUserDetailsManagerConfigurer : Global AuthenticationManager configured with UserDetailsService bean with name platformUserDetailsService
2026-05-06T10:56:30.617+01:00  INFO 41306 --- [backend-allal-article] [           main] o.s.b.a.e.web.EndpointLinksResolver      : Exposing 2 endpoints beneath base path '/actuator'
2026-05-06T10:56:30.953+01:00  INFO 41306 --- [backend-allal-article] [           main] o.s.b.w.embedded.tomcat.TomcatWebServer  : Tomcat started on port 8080 (http) with context path '/'
2026-05-06T10:56:30.970+01:00  INFO 41306 --- [backend-allal-article] [           main] c.a.b.BackendAllalArticleApplication     : Started BackendAllalArticleApplication in 6.877 seconds (process running for 7.086)
2026-05-06T10:56:44.118+01:00  INFO 41306 --- [backend-allal-article] [nio-8080-exec-1] o.a.c.c.C.[Tomcat].[localhost].[/]       : Initializing Spring DispatcherServlet 'dispatcherServlet'
2026-05-06T10:56:44.118+01:00  INFO 41306 --- [backend-allal-article] [nio-8080-exec-1] o.s.web.servlet.DispatcherServlet        : Initializing Servlet 'dispatcherServlet'
2026-05-06T10:56:44.123+01:00  INFO 41306 --- [backend-allal-article] [nio-8080-exec-1] o.s.web.servlet.DispatcherServlet        : Completed initialization in 5 ms
2026-05-06T11:00:00.009+01:00  INFO 41306 --- [backend-allal-article] [   scheduling-1] c.a.backend.orders.OrderAutoCompleteJob  : Running order auto-complete job for all tenants
2026-05-06T11:00:54.167+01:00  INFO 41306 --- [backend-allal-article] [nio-8080-exec-3] c.a.b.email.EmailNotificationService     : Email sent [ملخص استيراد الأصناف — 80 صنف] to 3 recipients
2026-05-06T12:00:00.225+01:00  INFO 41306 --- [backend-allal-article] [   scheduling-1] c.a.backend.orders.OrderAutoCompleteJob  : Running order auto-complete job for all tenants
2026-05-06T13:00:00.178+01:00  INFO 41306 --- [backend-allal-article] [   scheduling-1] c.a.backend.orders.OrderAutoCompleteJob  : Running order auto-complete job for all tenants
2026-05-06T14:00:00.205+01:00  INFO 41306 --- [backend-allal-article] [   scheduling-1] c.a.backend.orders.OrderAutoCompleteJob  : Running order auto-complete job for all tenants
2026-05-06T15:03:36.013+01:00  WARN 41306 --- [backend-allal-article] [l-1:housekeeper] com.zaxxer.hikari.pool.HikariPool        : HikariPool-1 - Thread starvation or clock leap detected (housekeeper delta=5m28s901ms).
2026-05-06T15:09:35.198+01:00  WARN 41306 --- [backend-allal-article] [l-1:housekeeper] com.zaxxer.hikari.pool.HikariPool        : HikariPool-1 - Thread starvation or clock leap detected (housekeeper delta=5m29s166ms).
2026-05-06T15:25:49.478+01:00  WARN 41306 --- [backend-allal-article] [l-1:housekeeper] com.zaxxer.hikari.pool.HikariPool        : HikariPool-1 - Thread starvation or clock leap detected (housekeeper delta=16m14s279ms).
2026-05-06T15:25:51.118+01:00  INFO 41306 --- [backend-allal-article] [   scheduling-1] c.a.backend.orders.OrderAutoCompleteJob  : Running order auto-complete job for all tenants
2026-05-06T15:42:56.411+01:00  WARN 41306 --- [backend-allal-article] [l-1:housekeeper] com.zaxxer.hikari.pool.HikariPool        : HikariPool-1 - Thread starvation or clock leap detected (housekeeper delta=16m36s919ms).
2026-05-06T15:59:05.777+01:00  WARN 41306 --- [backend-allal-article] [l-1:housekeeper] com.zaxxer.hikari.pool.HikariPool        : HikariPool-1 - Thread starvation or clock leap detected (housekeeper delta=16m9s365ms).
2026-05-06T16:16:13.109+01:00  WARN 41306 --- [backend-allal-article] [l-1:housekeeper] com.zaxxer.hikari.pool.HikariPool        : HikariPool-1 - Thread starvation or clock leap detected (housekeeper delta=16m37s326ms).
2026-05-06T16:32:54.697+01:00  WARN 41306 --- [backend-allal-article] [l-1:housekeeper] com.zaxxer.hikari.pool.HikariPool        : HikariPool-1 - Thread starvation or clock leap detected (housekeeper delta=16m11s585ms).
2026-05-06T16:48:55.582+01:00  WARN 41306 --- [backend-allal-article] [l-1:housekeeper] com.zaxxer.hikari.pool.HikariPool        : HikariPool-1 - Thread starvation or clock leap detected (housekeeper delta=16m885ms).
2026-05-06T16:58:52.188+01:00  WARN 41306 --- [backend-allal-article] [l-1:housekeeper] com.zaxxer.hikari.pool.HikariPool        : HikariPool-1 - Thread starvation or clock leap detected (housekeeper delta=9m26s601ms).
2026-05-06T17:15:52.595+01:00  WARN 41306 --- [backend-allal-article] [l-1:housekeeper] com.zaxxer.hikari.pool.HikariPool        : HikariPool-1 - Thread starvation or clock leap detected (housekeeper delta=17m406ms).
2026-05-06T17:32:07.934+01:00  WARN 41306 --- [backend-allal-article] [l-1:housekeeper] com.zaxxer.hikari.pool.HikariPool        : HikariPool-1 - Thread starvation or clock leap detected (housekeeper delta=15m45s335ms).
2026-05-06T17:34:17.338+01:00  WARN 41306 --- [backend-allal-article] [l-1:housekeeper] com.zaxxer.hikari.pool.HikariPool        : HikariPool-1 - Thread starvation or clock leap detected (housekeeper delta=2m9s403ms).
2026-05-06T17:51:32.115+01:00  WARN 41306 --- [backend-allal-article] [l-1:housekeeper] com.zaxxer.hikari.pool.HikariPool        : HikariPool-1 - Thread starvation or clock leap detected (housekeeper delta=16m44s773ms).
2026-05-06T17:59:30.478+01:00  WARN 41306 --- [backend-allal-article] [l-1:housekeeper] com.zaxxer.hikari.pool.HikariPool        : HikariPool-1 - Thread starvation or clock leap detected (housekeeper delta=7m58s364ms).
2026-05-06T18:16:14.878+01:00  WARN 41306 --- [backend-allal-article] [l-1:housekeeper] com.zaxxer.hikari.pool.HikariPool        : HikariPool-1 - Thread starvation or clock leap detected (housekeeper delta=16m14s396ms).
2026-05-06T18:34:05.739+01:00  WARN 41306 --- [backend-allal-article] [l-1:housekeeper] com.zaxxer.hikari.pool.HikariPool        : HikariPool-1 - Thread starvation or clock leap detected (housekeeper delta=17m20s847ms).
2026-05-06T18:49:45.095+01:00  WARN 41306 --- [backend-allal-article] [l-1:housekeeper] com.zaxxer.hikari.pool.HikariPool        : HikariPool-1 - Thread starvation or clock leap detected (housekeeper delta=15m39s356ms).
2026-05-06T19:00:55.488+01:00  WARN 41306 --- [backend-allal-article] [l-1:housekeeper] com.zaxxer.hikari.pool.HikariPool        : HikariPool-1 - Thread starvation or clock leap detected (housekeeper delta=10m40s380ms).
2026-05-06T19:17:06.383+01:00  WARN 41306 --- [backend-allal-article] [l-1:housekeeper] com.zaxxer.hikari.pool.HikariPool        : HikariPool-1 - Thread starvation or clock leap detected (housekeeper delta=16m10s895ms).
2026-05-06T19:41:20.040+01:00  WARN 41306 --- [backend-allal-article] [l-1:housekeeper] com.zaxxer.hikari.pool.HikariPool        : HikariPool-1 - Thread starvation or clock leap detected (housekeeper delta=16m13s614ms).
2026-05-06T19:59:18.412+01:00  WARN 41306 --- [backend-allal-article] [l-1:housekeeper] com.zaxxer.hikari.pool.HikariPool        : HikariPool-1 - Thread starvation or clock leap detected (housekeeper delta=17m58s373ms).
2026-05-06T20:01:47.815+01:00  WARN 41306 --- [backend-allal-article] [l-1:housekeeper] com.zaxxer.hikari.pool.HikariPool        : HikariPool-1 - Thread starvation or clock leap detected (housekeeper delta=1m59s400ms).
2026-05-06T20:18:53.503+01:00  WARN 41306 --- [backend-allal-article] [l-1:housekeeper] com.zaxxer.hikari.pool.HikariPool        : HikariPool-1 - Thread starvation or clock leap detected (housekeeper delta=16m35s676ms).
2026-05-06T20:34:39.885+01:00  WARN 41306 --- [backend-allal-article] [l-1:housekeeper] com.zaxxer.hikari.pool.HikariPool        : HikariPool-1 - Thread starvation or clock leap detected (housekeeper delta=15m46s382ms).
2026-05-06T20:53:50.916+01:00  WARN 41306 --- [backend-allal-article] [l-1:housekeeper] com.zaxxer.hikari.pool.HikariPool        : HikariPool-1 - Thread starvation or clock leap detected (housekeeper delta=18m11s26ms).
2026-05-06T21:02:47.236+01:00  WARN 41306 --- [backend-allal-article] [l-1:housekeeper] com.zaxxer.hikari.pool.HikariPool        : HikariPool-1 - Thread starvation or clock leap detected (housekeeper delta=8m26s315ms).
2026-05-06T21:18:55.136+01:00  WARN 41306 --- [backend-allal-article] [l-1:housekeeper] com.zaxxer.hikari.pool.HikariPool        : HikariPool-1 - Thread starvation or clock leap detected (housekeeper delta=16m7s900ms).
2026-05-06T21:21:15.227+01:00  WARN 41306 --- [backend-allal-article] [l-1:housekeeper] com.zaxxer.hikari.pool.HikariPool        : HikariPool-1 - Thread starvation or clock leap detected (housekeeper delta=1m50s78ms).
2026-05-06T21:27:25.526+01:00  INFO 41306 --- [backend-allal-article] [   scheduling-1] c.a.backend.orders.OrderAutoCompleteJob  : Running order auto-complete job for all tenants
2026-05-06T21:37:14.121+01:00  WARN 41306 --- [backend-allal-article] [l-1:housekeeper] com.zaxxer.hikari.pool.HikariPool        : HikariPool-1 - Retrograde clock change detected (housekeeper delta=28s797ms), soft-evicting connections from pool.
2026-05-06T21:53:14.182+01:00  WARN 41306 --- [backend-allal-article] [l-1:housekeeper] com.zaxxer.hikari.pool.HikariPool        : HikariPool-1 - Retrograde clock change detected (housekeeper delta=29s871ms), soft-evicting connections from pool.
2026-05-06T21:59:58.675+01:00  INFO 41306 --- [backend-allal-article] [   scheduling-1] c.a.backend.orders.OrderAutoCompleteJob  : Running order auto-complete job for all tenants
2026-05-06T22:59:59.901+01:00  INFO 41306 --- [backend-allal-article] [   scheduling-1] c.a.backend.orders.OrderAutoCompleteJob  : Running order auto-complete job for all tenants
2026-05-06T23:59:59.893+01:00  INFO 41306 --- [backend-allal-article] [   scheduling-1] c.a.backend.orders.OrderAutoCompleteJob  : Running order auto-complete job for all tenants
2026-05-07T01:00:01.097+01:00  INFO 41306 --- [backend-allal-article] [   scheduling-1] c.a.backend.orders.OrderAutoCompleteJob  : Running order auto-complete job for all tenants
2026-05-07T01:59:59.881+01:00  INFO 41306 --- [backend-allal-article] [   scheduling-1] c.a.backend.orders.OrderAutoCompleteJob  : Running order auto-complete job for all tenants
2026-05-07T02:59:59.880+01:00  INFO 41306 --- [backend-allal-article] [   scheduling-1] c.a.backend.orders.OrderAutoCompleteJob  : Running order auto-complete job for all tenants
2026-05-07T03:59:59.876+01:00  INFO 41306 --- [backend-allal-article] [   scheduling-1] c.a.backend.orders.OrderAutoCompleteJob  : Running order auto-complete job for all tenants
2026-05-07T04:59:59.881+01:00  INFO 41306 --- [backend-allal-article] [   scheduling-1] c.a.backend.orders.OrderAutoCompleteJob  : Running order auto-complete job for all tenants
2026-05-07T05:59:59.870+01:00  INFO 41306 --- [backend-allal-article] [   scheduling-1] c.a.backend.orders.OrderAutoCompleteJob  : Running order auto-complete job for all tenants
2026-05-07T06:59:59.878+01:00  INFO 41306 --- [backend-allal-article] [   scheduling-1] c.a.backend.orders.OrderAutoCompleteJob  : Running order auto-complete job for all tenants
2026-05-07T08:00:01.631+01:00  INFO 41306 --- [backend-allal-article] [   scheduling-1] c.a.backend.orders.OrderAutoCompleteJob  : Running order auto-complete job for all tenants
2026-05-07T09:00:00.137+01:00  INFO 41306 --- [backend-allal-article] [   scheduling-1] c.a.backend.orders.OrderAutoCompleteJob  : Running order auto-complete job for all tenants
2026-05-07T10:00:00.245+01:00  INFO 41306 --- [backend-allal-article] [   scheduling-1] c.a.backend.orders.OrderAutoCompleteJob  : Running order auto-complete job for all tenants
2026-05-07T10:41:59.917+01:00  WARN 41306 --- [backend-allal-article] [l-1:housekeeper] com.zaxxer.hikari.pool.HikariPool        : HikariPool-1 - Thread starvation or clock leap detected (housekeeper delta=5m29s615ms).
2026-05-07T10:47:59.257+01:00  WARN 41306 --- [backend-allal-article] [l-1:housekeeper] com.zaxxer.hikari.pool.HikariPool        : HikariPool-1 - Thread starvation or clock leap detected (housekeeper delta=5m29s292ms).
2026-05-07T11:04:20.887+01:00  WARN 41306 --- [backend-allal-article] [l-1:housekeeper] com.zaxxer.hikari.pool.HikariPool        : HikariPool-1 - Thread starvation or clock leap detected (housekeeper delta=16m21s630ms).
2026-05-07T11:25:50.737+01:00  INFO 41306 --- [backend-allal-article] [   scheduling-1] c.a.backend.orders.OrderAutoCompleteJob  : Running order auto-complete job for all tenants
2026-05-07T12:00:00.075+01:00  INFO 41306 --- [backend-allal-article] [   scheduling-1] c.a.backend.orders.OrderAutoCompleteJob  : Running order auto-complete job for all tenants
2026-05-07T13:00:00.118+01:00  INFO 41306 --- [backend-allal-article] [   scheduling-1] c.a.backend.orders.OrderAutoCompleteJob  : Running order auto-complete job for all tenants
2026-05-07T14:00:00.122+01:00  INFO 41306 --- [backend-allal-article] [   scheduling-1] c.a.backend.orders.OrderAutoCompleteJob  : Running order auto-complete job for all tenants
2026-05-07T15:00:00.117+01:00  INFO 41306 --- [backend-allal-article] [   scheduling-1] c.a.backend.orders.OrderAutoCompleteJob  : Running order auto-complete job for all tenants
2026-05-07T16:00:00.115+01:00  INFO 41306 --- [backend-allal-article] [   scheduling-1] c.a.backend.orders.OrderAutoCompleteJob  : Running order auto-complete job for all tenants
2026-05-07T17:00:00.119+01:00  INFO 41306 --- [backend-allal-article] [   scheduling-1] c.a.backend.orders.OrderAutoCompleteJob  : Running order auto-complete job for all tenants
2026-05-07T18:00:00.117+01:00  INFO 41306 --- [backend-allal-article] [   scheduling-1] c.a.backend.orders.OrderAutoCompleteJob  : Running order auto-complete job for all tenants
2026-05-07T18:56:27.153+01:00  WARN 41306 --- [backend-allal-article] [l-1:housekeeper] com.zaxxer.hikari.pool.HikariPool        : HikariPool-1 - Retrograde clock change detected (housekeeper delta=29s56ms), soft-evicting connections from pool.
2026-05-07T18:59:59.157+01:00  INFO 41306 --- [backend-allal-article] [   scheduling-1] c.a.backend.orders.OrderAutoCompleteJob  : Running order auto-complete job for all tenants
2026-05-07T20:00:00.056+01:00  INFO 41306 --- [backend-allal-article] [   scheduling-1] c.a.backend.orders.OrderAutoCompleteJob  : Running order auto-complete job for all tenants
2026-05-07T21:00:00.076+01:00  INFO 41306 --- [backend-allal-article] [   scheduling-1] c.a.backend.orders.OrderAutoCompleteJob  : Running order auto-complete job for all tenants
2026-05-07T22:00:00.353+01:00  INFO 41306 --- [backend-allal-article] [   scheduling-1] c.a.backend.orders.OrderAutoCompleteJob  : Running order auto-complete job for all tenants
2026-05-07T23:00:00.425+01:00  INFO 41306 --- [backend-allal-article] [   scheduling-1] c.a.backend.orders.OrderAutoCompleteJob  : Running order auto-complete job for all tenants
2026-05-07T23:26:11.709+01:00  WARN 41306 --- [backend-allal-article] [l-1:housekeeper] com.zaxxer.hikari.pool.HikariPool        : HikariPool-1 - Thread starvation or clock leap detected (housekeeper delta=5m29s132ms).
2026-05-07T23:32:10.069+01:00  WARN 41306 --- [backend-allal-article] [l-1:housekeeper] com.zaxxer.hikari.pool.HikariPool        : HikariPool-1 - Thread starvation or clock leap detected (housekeeper delta=5m28s311ms).
2026-05-07T23:37:38.614+01:00  WARN 41306 --- [backend-allal-article] [l-1:housekeeper] com.zaxxer.hikari.pool.HikariPool        : HikariPool-1 - Thread starvation or clock leap detected (housekeeper delta=5m28s542ms).
2026-05-08T00:15:07.593+01:00  INFO 41306 --- [backend-allal-article] [   scheduling-1] c.a.backend.orders.OrderAutoCompleteJob  : Running order auto-complete job for all tenants
2026-05-08T01:00:00.081+01:00  INFO 41306 --- [backend-allal-article] [   scheduling-1] c.a.backend.orders.OrderAutoCompleteJob  : Running order auto-complete job for all tenants
2026-05-08T02:00:00.103+01:00  INFO 41306 --- [backend-allal-article] [   scheduling-1] c.a.backend.orders.OrderAutoCompleteJob  : Running order auto-complete job for all tenants
2026-05-08T03:00:00.110+01:00  INFO 41306 --- [backend-allal-article] [   scheduling-1] c.a.backend.orders.OrderAutoCompleteJob  : Running order auto-complete job for all tenants
2026-05-08T04:00:00.118+01:00  INFO 41306 --- [backend-allal-article] [   scheduling-1] c.a.backend.orders.OrderAutoCompleteJob  : Running order auto-complete job for all tenants
2026-05-08T05:00:00.109+01:00  INFO 41306 --- [backend-allal-article] [   scheduling-1] c.a.backend.orders.OrderAutoCompleteJob  : Running order auto-complete job for all tenants
2026-05-08T05:59:13.309+01:00  WARN 41306 --- [backend-allal-article] [l-1:housekeeper] com.zaxxer.hikari.pool.HikariPool        : HikariPool-1 - Thread starvation or clock leap detected (housekeeper delta=5m28s822ms).
2026-05-08T06:04:59.138+01:00  INFO 41306 --- [backend-allal-article] [   scheduling-1] c.a.backend.orders.OrderAutoCompleteJob  : Running order auto-complete job for all tenants
2026-05-08T07:00:00.111+01:00  INFO 41306 --- [backend-allal-article] [   scheduling-1] c.a.backend.orders.OrderAutoCompleteJob  : Running order auto-complete job for all tenants
2026-05-08T08:00:00.108+01:00  INFO 41306 --- [backend-allal-article] [   scheduling-1] c.a.backend.orders.OrderAutoCompleteJob  : Running order auto-complete job for all tenants
2026-05-08T08:24:14.654+01:00  WARN 41306 --- [backend-allal-article] [l-1:housekeeper] com.zaxxer.hikari.pool.HikariPool        : HikariPool-1 - Thread starvation or clock leap detected (housekeeper delta=5m28s998ms).
2026-05-08T09:01:35.451+01:00  WARN 41306 --- [backend-allal-article] [l-1:housekeeper] com.zaxxer.hikari.pool.HikariPool        : HikariPool-1 - Thread starvation or clock leap detected (housekeeper delta=1m20s276ms).
2026-05-08T09:05:19.321+01:00  WARN 41306 --- [backend-allal-article] [l-1:housekeeper] com.zaxxer.hikari.pool.PoolBase          : HikariPool-1 - Failed to validate connection org.postgresql.jdbc.PgConnection@27af6a95 (This connection has been closed.). Possibly consider using a shorter maxLifetime value.
2026-05-08T09:05:30.137+01:00  INFO 41306 --- [backend-allal-article] [ionShutdownHook] o.s.b.w.e.tomcat.GracefulShutdown        : Commencing graceful shutdown. Waiting for active requests to complete
2026-05-08T09:05:30.267+01:00  INFO 41306 --- [backend-allal-article] [tomcat-shutdown] o.s.b.w.e.tomcat.GracefulShutdown        : Graceful shutdown complete
2026-05-08T09:05:30.543+01:00  INFO 41306 --- [backend-allal-article] [ionShutdownHook] j.LocalContainerEntityManagerFactoryBean : Closing JPA EntityManagerFactory for persistence unit 'default'
2026-05-08T09:05:30.621+01:00  INFO 41306 --- [backend-allal-article] [ionShutdownHook] com.zaxxer.hikari.HikariDataSource       : HikariPool-1 - Shutdown initiated...
